<?xml version="1.0" encoding="UTF-8"?>
<!-- Generated by org.testng.reporters.JUnitReportReporter -->
<testsuite skipped="0" hostname="DESKTOP-UP7RVKK" name="TestMultiLogin" tests="1" failures="0" timestamp="11 Nov 2020 07:15:24 GMT" time="79.791" errors="0">
  <testcase name="multiLoginFromExcelFile" time="79.791" classname="TestMultiLogin"/>
</testsuite> <!-- TestMultiLogin -->
